<?xml version="1.0" encoding="UTF-8"?>
<testng-results ignored="0" total="2" passed="2" failed="0" skipped="0">
  <reporter-output>
  </reporter-output>
  <suite started-at="2024-03-22T06:45:21Z" name="Default suite" finished-at="2024-03-22T06:45:22Z" duration-ms="128">
    <groups>
    </groups>
    <test started-at="2024-03-22T06:45:21Z" name="Default test" finished-at="2024-03-22T06:45:22Z" duration-ms="128">
      <class name="mypacakage.Test1">
        <test-method signature="data()[pri:0, instance:mypacakage.Test1@11392934]" started-at="2024-03-21T23:45:22Z" name="data" finished-at="2024-03-21T23:45:22Z" duration-ms="56" status="PASS">
          <reporter-output>
          </reporter-output>
        </test-method> <!-- data -->
        <test-method signature="test()[pri:0, instance:mypacakage.Test1@11392934]" started-at="2024-03-21T23:45:22Z" name="test" finished-at="2024-03-21T23:45:22Z" duration-ms="3" status="PASS">
          <reporter-output>
          </reporter-output>
        </test-method> <!-- test -->
      </class> <!-- mypacakage.Test1 -->
    </test> <!-- Default test -->
  </suite> <!-- Default suite -->
</testng-results>
